[00:06:40] [main/INFO] (FabricLoader/GameProvider) Loading Minecraft 1.20.1 with Fabric Loader 0.16.10
[00:06:40] [main/INFO] (FabricLoader) Loading 59 mods:
	- fabric-api 0.92.5+1.20.1
	- fabric-api-base 0.4.32+1802ada577
	- fabric-api-lookup-api-v1 1.6.37+1802ada577
	- fabric-biome-api-v1 13.0.14+1802ada577
	- fabric-block-api-v1 1.0.12+1802ada577
	- fabric-block-view-api-v2 1.0.3+924f046a77
	- fabric-blockrenderlayer-v1 1.1.42+1802ada577
	- fabric-client-tags-api-v1 1.1.3+1802ada577
	- fabric-command-api-v1 1.2.35+f71b366f77
	- fabric-command-api-v2 2.2.14+1802ada577
	- fabric-commands-v0 0.2.52+df3654b377
	- fabric-containers-v0 0.1.66+df3654b377
	- fabric-content-registries-v0 4.0.13+1802ada577
	- fabric-convention-tags-v1 1.5.6+1802ada577
	- fabric-crash-report-info-v1 0.2.20+1802ada577
	- fabric-data-attachment-api-v1 1.0.2+de0fd6d177
	- fabric-data-generation-api-v1 12.3.6+1802ada577
	- fabric-dimensions-v1 2.1.55+1802ada577
	- fabric-entity-events-v1 1.6.1+1c78457f77
	- fabric-events-interaction-v0 0.6.4+13a40c6677
	- fabric-events-lifecycle-v0 0.2.64+df3654b377
	- fabric-game-rule-api-v1 1.0.41+1802ada577
	- fabric-gametest-api-v1 1.2.15+1802ada577
	- fabric-item-api-v1 2.1.29+1802ada577
	- fabric-item-group-api-v1 4.0.14+1802ada577
	- fabric-key-binding-api-v1 1.0.38+1802ada577
	- fabric-keybindings-v0 0.2.36+df3654b377
	- fabric-lifecycle-events-v1 2.2.23+1802ada577
	- fabric-loot-api-v2 1.2.3+1802ada577
	- fabric-loot-tables-v1 1.1.47+9e7660c677
	- fabric-message-api-v1 5.1.10+1802ada577
	- fabric-mining-level-api-v1 2.1.52+1802ada577
	- fabric-model-loading-api-v1 1.0.4+1802ada577
	- fabric-models-v0 0.4.3+9386d8a777
	- fabric-networking-api-v1 1.3.13+13a40c6677
	- fabric-networking-v0 0.3.53+df3654b377
	- fabric-object-builder-api-v1 11.1.5+e35120df77
	- fabric-particles-v1 1.1.3+1802ada577
	- fabric-recipe-api-v1 1.0.23+1802ada577
	- fabric-registry-sync-v0 2.3.5+1802ada577
	- fabric-renderer-api-v1 3.2.2+1802ada577
	- fabric-renderer-indigo 1.5.3+85287f9f77
	- fabric-renderer-registries-v1 3.2.47+df3654b377
	- fabric-rendering-data-attachment-v1 0.3.39+92a0d36777
	- fabric-rendering-fluids-v1 3.0.29+1802ada577
	- fabric-rendering-v0 1.1.50+df3654b377
	- fabric-rendering-v1 3.0.9+1802ada577
	- fabric-resource-conditions-api-v1 2.3.9+1802ada577
	- fabric-resource-loader-v0 0.11.12+fb82e9d777
	- fabric-screen-api-v1 2.0.9+1802ada577
	- fabric-screen-handler-api-v1 1.3.32+1802ada577
	- fabric-sound-api-v1 1.0.14+1802ada577
	- fabric-transfer-api-v1 3.3.6+8dd72ea377
	- fabric-transitive-access-wideners-v1 4.3.2+1802ada577
	- fabricloader 0.16.10
	- java 17
	- minecraft 1.20.1
	- mixinextras 0.4.1
	- viceburger 1.0.0
[00:06:40] [main/INFO] (FabricLoader/Mixin) SpongePowered MIXIN Subsystem Version=0.8.7 Source=file:/C:/ProgramData/chocolatey/bin/caches/modules-2/files-2.1/net.fabricmc/sponge-mixin/0.15.4+mixin.0.8.7/6a12aacc794f1078458433116e9ed42c1cc98096/sponge-mixin-0.15.4+mixin.0.8.7.jar Service=Knot/Fabric Env=CLIENT
[00:06:41] [main/INFO] (FabricLoader/Mixin) Loaded Fabric development mappings for mixin remapper!
[00:06:41] [main/INFO] (FabricLoader/Mixin) Compatibility level set to JAVA_16
[00:06:41] [main/INFO] (FabricLoader/Mixin) Compatibility level set to JAVA_17
[00:06:42] [main/INFO] (FabricLoader/MixinExtras|Service) Initializing MixinExtras via com.llamalad7.mixinextras.service.MixinExtrasServiceImpl(version=0.4.1).
[00:06:47] [Datafixer Bootstrap/INFO] (Minecraft) 188 Datafixer optimizations took 124 milliseconds
[00:06:49] [Render thread/INFO] (Minecraft) Environment: authHost='https://authserver.mojang.com', accountsHost='https://api.mojang.com', sessionHost='https://sessionserver.mojang.com', servicesHost='https://api.minecraftservices.com', name='PROD'
[00:06:49] [Render thread/ERROR] (Minecraft) Failed to verify authentication
com.mojang.authlib.exceptions.InvalidCredentialsException: Status: 401
	at com.mojang.authlib.exceptions.MinecraftClientHttpException.toAuthenticationException(MinecraftClientHttpException.java:56) ~[authlib-4.0.43.jar:?]
	at com.mojang.authlib.yggdrasil.YggdrasilUserApiService.fetchProperties(YggdrasilUserApiService.java:156) ~[authlib-4.0.43.jar:?]
	at com.mojang.authlib.yggdrasil.YggdrasilUserApiService.<init>(YggdrasilUserApiService.java:55) ~[authlib-4.0.43.jar:?]
	at com.mojang.authlib.yggdrasil.YggdrasilAuthenticationService.createUserApiService(YggdrasilAuthenticationService.java:124) ~[authlib-4.0.43.jar:?]
	at net.minecraft.client.MinecraftClient.createUserApiService(MinecraftClient.java:733) ~[minecraft-clientOnly-7787b014d4-1.20.1-net.fabricmc.yarn.1_20_1.1.20.1+build.10-v2.jar:?]
	at net.minecraft.client.MinecraftClient.<init>(MinecraftClient.java:442) ~[minecraft-clientOnly-7787b014d4-1.20.1-net.fabricmc.yarn.1_20_1.1.20.1+build.10-v2.jar:?]
	at net.minecraft.client.main.Main.main(Main.java:211) ~[minecraft-clientOnly-7787b014d4-1.20.1-net.fabricmc.yarn.1_20_1.1.20.1+build.10-v2.jar:?]
	at net.fabricmc.loader.impl.game.minecraft.MinecraftGameProvider.launch(MinecraftGameProvider.java:480) ~[fabric-loader-0.16.10.jar:?]
	at net.fabricmc.loader.impl.launch.knot.Knot.launch(Knot.java:74) ~[fabric-loader-0.16.10.jar:?]
	at net.fabricmc.loader.impl.launch.knot.KnotClient.main(KnotClient.java:23) ~[fabric-loader-0.16.10.jar:?]
	at net.fabricmc.devlaunchinjector.Main.main(Main.java:86) ~[dev-launch-injector-0.2.1+build.8.jar:?]
Caused by: com.mojang.authlib.exceptions.MinecraftClientHttpException: Status: 401
	at com.mojang.authlib.minecraft.client.MinecraftClient.readInputStream(MinecraftClient.java:85) ~[authlib-4.0.43.jar:?]
	at com.mojang.authlib.minecraft.client.MinecraftClient.get(MinecraftClient.java:48) ~[authlib-4.0.43.jar:?]
	at com.mojang.authlib.yggdrasil.YggdrasilUserApiService.fetchProperties(YggdrasilUserApiService.java:129) ~[authlib-4.0.43.jar:?]
	... 9 more
[00:06:49] [Render thread/INFO] (Minecraft) Setting user: Player128
[00:06:49] [Render thread/INFO] (Indigo) [Indigo] Registering Indigo renderer!
[00:06:50] [Render thread/INFO] (Minecraft) Backend library: LWJGL version 3.3.1 SNAPSHOT
[00:06:51] [Render thread/INFO] (Minecraft) Reloading ResourceManager: vanilla, fabric (fabric-message-api-v1, fabric-game-rule-api-v1, fabric-sound-api-v1, fabric-events-interaction-v0, fabric-command-api-v2, fabric-renderer-registries-v1, fabric-recipe-api-v1, fabric-item-group-api-v1, fabric-data-attachment-api-v1, fabric-rendering-data-attachment-v1, fabric-particles-v1, fabric-screen-handler-api-v1, fabric-rendering-v1, fabric-resource-conditions-api-v1, fabricloader, fabric-object-builder-api-v1, fabric-data-generation-api-v1, fabric-transitive-access-wideners-v1, fabric-transfer-api-v1, fabric-dimensions-v1, fabric-loot-api-v2, fabric-gametest-api-v1, fabric-resource-loader-v0, fabric-key-binding-api-v1, fabric-block-api-v1, fabric-renderer-indigo, fabric-lifecycle-events-v1, fabric-client-tags-api-v1, fabric-crash-report-info-v1, fabric-blockrenderlayer-v1, fabric-block-view-api-v2, fabric-biome-api-v1, fabric-command-api-v1, fabric-screen-api-v1, fabric-entity-events-v1, fabric-networking-api-v1, fabric-mining-level-api-v1, fabric-events-lifecycle-v0, fabric-model-loading-api-v1, fabric-convention-tags-v1, fabric-containers-v0, fabric-registry-sync-v0, fabric-rendering-v0, fabric-api-base, fabric-item-api-v1, fabric-commands-v0, fabric-rendering-fluids-v1, fabric-loot-tables-v1, fabric-renderer-api-v1, fabric-content-registries-v0, fabric-api, fabric-keybindings-v0, fabric-networking-v0, fabric-models-v0, fabric-api-lookup-api-v1)
[00:06:51] [Worker-Main-1/INFO] (Minecraft) Found unifont_all_no_pua-15.0.06.hex, loading
[00:06:52] [Render thread/WARN] (Minecraft) Missing sound for event: minecraft:item.goat_horn.play
[00:06:52] [Render thread/WARN] (Minecraft) Missing sound for event: minecraft:entity.goat.screaming.horn_break
[00:06:53] [Render thread/INFO] (Minecraft) OpenAL initialized on device OpenAL Soft on Altavoces (Focusrite USB Audio)
[00:06:53] [Render thread/INFO] (Minecraft) Sound engine started
[00:06:53] [Render thread/INFO] (Minecraft) Created: 1024x512x4 minecraft:textures/atlas/blocks.png-atlas
[00:06:53] [Render thread/INFO] (Minecraft) Created: 256x256x4 minecraft:textures/atlas/signs.png-atlas
[00:06:53] [Render thread/INFO] (Minecraft) Created: 512x512x4 minecraft:textures/atlas/banner_patterns.png-atlas
[00:06:53] [Render thread/INFO] (Minecraft) Created: 512x512x4 minecraft:textures/atlas/shield_patterns.png-atlas
[00:06:53] [Render thread/INFO] (Minecraft) Created: 1024x1024x4 minecraft:textures/atlas/armor_trims.png-atlas
[00:06:53] [Render thread/INFO] (Minecraft) Created: 256x256x4 minecraft:textures/atlas/chest.png-atlas
[00:06:53] [Render thread/INFO] (Minecraft) Created: 128x64x4 minecraft:textures/atlas/decorated_pot.png-atlas
[00:06:53] [Render thread/INFO] (Minecraft) Created: 512x256x4 minecraft:textures/atlas/beds.png-atlas
[00:06:53] [Render thread/INFO] (Minecraft) Created: 512x256x4 minecraft:textures/atlas/shulker_boxes.png-atlas
[00:06:53] [Render thread/WARN] (Minecraft) Shader rendertype_entity_translucent_emissive could not find sampler named Sampler2 in the specified shader program.
[00:06:53] [Render thread/INFO] (Minecraft) Created: 256x256x0 minecraft:textures/atlas/particles.png-atlas
[00:06:53] [Render thread/INFO] (Minecraft) Created: 256x256x0 minecraft:textures/atlas/paintings.png-atlas
[00:06:53] [Render thread/INFO] (Minecraft) Created: 128x128x0 minecraft:textures/atlas/mob_effects.png-atlas
[00:07:01] [Render thread/INFO] (Minecraft) Reloading ResourceManager: vanilla, fabric (fabric-message-api-v1, fabric-game-rule-api-v1, fabric-sound-api-v1, fabric-events-interaction-v0, fabric-command-api-v2, fabric-renderer-registries-v1, fabric-recipe-api-v1, fabric-item-group-api-v1, fabric-data-attachment-api-v1, fabric-rendering-data-attachment-v1, fabric-particles-v1, fabric-screen-handler-api-v1, fabric-rendering-v1, fabric-resource-conditions-api-v1, fabricloader, fabric-object-builder-api-v1, fabric-data-generation-api-v1, fabric-transitive-access-wideners-v1, fabric-transfer-api-v1, fabric-dimensions-v1, fabric-loot-api-v2, fabric-gametest-api-v1, fabric-resource-loader-v0, fabric-key-binding-api-v1, fabric-block-api-v1, fabric-renderer-indigo, fabric-lifecycle-events-v1, fabric-client-tags-api-v1, fabric-crash-report-info-v1, fabric-blockrenderlayer-v1, fabric-block-view-api-v2, fabric-biome-api-v1, fabric-command-api-v1, fabric-screen-api-v1, fabric-entity-events-v1, fabric-networking-api-v1, fabric-mining-level-api-v1, fabric-events-lifecycle-v0, fabric-model-loading-api-v1, fabric-convention-tags-v1, fabric-containers-v0, fabric-registry-sync-v0, fabric-rendering-v0, fabric-api-base, fabric-item-api-v1, fabric-commands-v0, fabric-rendering-fluids-v1, fabric-loot-tables-v1, fabric-renderer-api-v1, fabric-content-registries-v0, fabric-api, fabric-keybindings-v0, fabric-networking-v0, fabric-models-v0, fabric-api-lookup-api-v1)
[00:07:01] [Worker-Main-5/INFO] (Minecraft) Found unifont_all_no_pua-15.0.06.hex, loading
[00:07:02] [Render thread/WARN] (Minecraft) Missing sound for event: minecraft:item.goat_horn.play
[00:07:02] [Render thread/WARN] (Minecraft) Missing sound for event: minecraft:entity.goat.screaming.horn_break
[00:07:02] [Render thread/INFO] (Minecraft) OpenAL initialized on device OpenAL Soft on Altavoces (Focusrite USB Audio)
[00:07:02] [Render thread/INFO] (Minecraft) Sound engine started
[00:07:02] [Render thread/INFO] (Minecraft) Created: 1024x512x4 minecraft:textures/atlas/blocks.png-atlas
[00:07:02] [Render thread/INFO] (Minecraft) Created: 256x256x4 minecraft:textures/atlas/signs.png-atlas
[00:07:02] [Render thread/INFO] (Minecraft) Created: 512x512x4 minecraft:textures/atlas/banner_patterns.png-atlas
[00:07:02] [Render thread/INFO] (Minecraft) Created: 512x512x4 minecraft:textures/atlas/shield_patterns.png-atlas
[00:07:02] [Render thread/INFO] (Minecraft) Created: 1024x1024x4 minecraft:textures/atlas/armor_trims.png-atlas
[00:07:02] [Render thread/INFO] (Minecraft) Created: 256x256x4 minecraft:textures/atlas/chest.png-atlas
[00:07:02] [Render thread/INFO] (Minecraft) Created: 128x64x4 minecraft:textures/atlas/decorated_pot.png-atlas
[00:07:02] [Render thread/INFO] (Minecraft) Created: 512x256x4 minecraft:textures/atlas/beds.png-atlas
[00:07:02] [Render thread/INFO] (Minecraft) Created: 512x256x4 minecraft:textures/atlas/shulker_boxes.png-atlas
[00:07:02] [Render thread/WARN] (Minecraft) Shader rendertype_entity_translucent_emissive could not find sampler named Sampler2 in the specified shader program.
[00:07:02] [Render thread/INFO] (Minecraft) Created: 256x256x0 minecraft:textures/atlas/particles.png-atlas
[00:07:02] [Render thread/INFO] (Minecraft) Created: 256x256x0 minecraft:textures/atlas/paintings.png-atlas
[00:07:02] [Render thread/INFO] (Minecraft) Created: 128x128x0 minecraft:textures/atlas/mob_effects.png-atlas
[00:07:05] [Realms Notification Availability checker #1/INFO] (Minecraft) Could not authorize you against Realms server: Invalid session id
[00:07:28] [Render thread/INFO] (Minecraft) Loaded 7 recipes
[00:07:28] [Render thread/INFO] (Minecraft) Loaded 1271 advancements
[00:07:38] [Render thread/INFO] (BiomeModificationImpl) Applied 0 biome modifications to 0 of 64 new biomes in 1.260 ms
[00:07:38] [Server thread/INFO] (Minecraft) Starting integrated minecraft server version 1.20.1
[00:07:38] [Server thread/INFO] (Minecraft) Generating keypair
[00:07:41] [Server thread/INFO] (Minecraft) Preparing start region for dimension minecraft:overworld
[00:07:42] [Render thread/INFO] (Minecraft) Preparando área de aparición: 0 %
[00:07:42] [Render thread/INFO] (Minecraft) Preparando área de aparición: 0 %
[00:07:42] [Render thread/INFO] (Minecraft) Preparando área de aparición: 0 %
[00:07:43] [Render thread/INFO] (Minecraft) Preparando área de aparición: 0 %
[00:07:43] [Render thread/INFO] (Minecraft) Preparando área de aparición: 3 %
[00:07:44] [Render thread/INFO] (Minecraft) Preparando área de aparición: 5 %
[00:07:44] [Render thread/INFO] (Minecraft) Preparando área de aparición: 8 %
[00:07:45] [Render thread/INFO] (Minecraft) Preparando área de aparición: 11 %
[00:07:45] [Render thread/INFO] (Minecraft) Preparando área de aparición: 15 %
[00:07:46] [Render thread/INFO] (Minecraft) Preparando área de aparición: 19 %
[00:07:46] [Render thread/INFO] (Minecraft) Preparando área de aparición: 24 %
[00:07:47] [Render thread/INFO] (Minecraft) Preparando área de aparición: 29 %
[00:07:47] [Render thread/INFO] (Minecraft) Preparando área de aparición: 33 %
[00:07:48] [Render thread/INFO] (Minecraft) Preparando área de aparición: 39 %
[00:07:48] [Render thread/INFO] (Minecraft) Preparando área de aparición: 44 %
[00:07:49] [Render thread/INFO] (Minecraft) Preparando área de aparición: 48 %
[00:07:49] [Render thread/INFO] (Minecraft) Preparando área de aparición: 54 %
[00:07:50] [Render thread/INFO] (Minecraft) Preparando área de aparición: 58 %
[00:07:50] [Render thread/INFO] (Minecraft) Preparando área de aparición: 63 %
[00:07:51] [Render thread/INFO] (Minecraft) Preparando área de aparición: 68 %
[00:07:52] [Render thread/INFO] (Minecraft) Preparando área de aparición: 72 %
[00:07:52] [Render thread/INFO] (Minecraft) Preparando área de aparición: 72 %
[00:07:52] [Render thread/INFO] (Minecraft) Preparando área de aparición: 79 %
[00:07:53] [Render thread/INFO] (Minecraft) Preparando área de aparición: 83 %
[00:07:53] [Render thread/INFO] (Minecraft) Preparando área de aparición: 83 %
[00:07:54] [Render thread/INFO] (Minecraft) Preparando área de aparición: 88 %
[00:07:54] [Render thread/INFO] (Minecraft) Preparando área de aparición: 93 %
[00:07:55] [Render thread/INFO] (Minecraft) Preparando área de aparición: 99 %
[00:07:55] [Render thread/INFO] (Minecraft) Time elapsed: 13533 ms
[00:07:55] [Server thread/INFO] (Minecraft) Changing view distance to 12, from 10
[00:07:55] [Server thread/INFO] (Minecraft) Changing simulation distance to 12, from 0
[00:07:56] [Server thread/INFO] (Minecraft) Player128[local:E:02989e05] logged in with entity id 263 at (-45.5, 70.0, -19.5)
[00:07:56] [Server thread/INFO] (Minecraft) Player128 se conectó
[00:07:57] [Render thread/INFO] (Minecraft) Loaded 2 advancements
[00:09:27] [Server thread/INFO] (Minecraft) Saving and pausing game...
[00:09:27] [Server thread/INFO] (Minecraft) Saving chunks for level 'ServerLevel[Mundo nuevo]'/minecraft:overworld
[00:09:27] [Server thread/INFO] (Minecraft) Saving chunks for level 'ServerLevel[Mundo nuevo]'/minecraft:the_nether
[00:09:27] [Server thread/INFO] (Minecraft) Saving chunks for level 'ServerLevel[Mundo nuevo]'/minecraft:the_end
[00:09:28] [Render thread/INFO] (Minecraft) Stopping!
[00:09:28] [Server thread/INFO] (Minecraft) Player128 lost connection: Desconectado/a
[00:09:28] [Server thread/INFO] (Minecraft) Player128 se desconectó
[00:09:28] [Server thread/INFO] (Minecraft) Stopping singleplayer server as player logged out
[00:09:28] [Server thread/INFO] (Minecraft) Stopping server
[00:09:28] [Server thread/INFO] (Minecraft) Saving players
[00:09:28] [Server thread/INFO] (Minecraft) Saving worlds
[00:09:29] [Server thread/INFO] (Minecraft) Saving chunks for level 'ServerLevel[Mundo nuevo]'/minecraft:overworld
